Arguments: 
  C:\Program Files\nodejs\node.exe C:\Program Files (x86)\Yarn\bin\yarn.js add appollo-server-express express graphql reflect-metadata type-graphql

PATH: 
  C:\Windows\system32;C:\Windows;C:\Windows\System32\Wbem;C:\Windows\System32\WindowsPowerShell\v1.0\;C:\Windows\System32\OpenSSH\;C:\Program Files\Git\cmd;C:\ProgramData\chocolatey\bin;C:\Program Files (x86)\Yarn\bin\;C:\Program Files\nodejs\;C:\Users\Serban\.windows-build-tools\python27\;C:\Users\Serban\AppData\Local\Microsoft\WindowsApps;;C:\Users\Serban\AppData\Local\Programs\Microsoft VS Code\bin;C:\Users\Serban\AppData\Local\hyper\app-3.0.2\resources\bin;C:\Users\Serban\AppData\Local\Yarn\bin;C:\Users\Serban\AppData\Roaming\npm

Yarn version: 
  1.22.5

Node version: 
  15.10.0

Platform: 
  win32 x64

Trace: 
  Error: https://registry.yarnpkg.com/appollo-server-express: Not found
      at Request.params.callback [as _callback] (C:\Program Files (x86)\Yarn\lib\cli.js:66097:18)
      at Request.self.callback (C:\Program Files (x86)\Yarn\lib\cli.js:140749:22)
      at Request.emit (node:events:378:20)
      at Request.<anonymous> (C:\Program Files (x86)\Yarn\lib\cli.js:141721:10)
      at Request.emit (node:events:378:20)
      at IncomingMessage.<anonymous> (C:\Program Files (x86)\Yarn\lib\cli.js:141643:12)
      at Object.onceWrapper (node:events:484:28)
      at IncomingMessage.emit (node:events:390:22)
      at endReadableNT (node:internal/streams/readable:1307:12)
      at processTicksAndRejections (node:internal/process/task_queues:81:21)

npm manifest: 
  {
    "name": "typegraphql-backend",
    "version": "1.0.0",
    "main": "index.js",
    "license": "MIT"
  }

yarn manifest: 
  No manifest

Lockfile: 
  No lockfile
